<?xml version="1.0" encoding="UTF-8"?>
<testsuite xmlns:xsi="http://www.w3.org/2001/XMLSchema-instance" xsi:noNamespaceSchemaLocation="https://maven.apache.org/surefire/maven-surefire-plugin/xsd/surefire-test-report.xsd" version="3.0.2" name="com.example.Explicacion.ExplicacionApplicationTests" time="2.773" tests="1" errors="0" skipped="0" failures="0">
  <properties>
[...]
</properties>
  <testcase name="contextLoads" classname="com.example.Explicacion.ExplicacionApplicationTests" time="0.717">
    <system-out><![CDATA[10:37:56.563 [main] INFO org.springframework.test.context.support.AnnotationConfigContextLoaderUtils -- Could not detect default configuration classes for test class [com.example.Explicacion.ExplicacionApplicationTests]: ExplicacionApplicationTests does not declare any static, non-private, non-final, nested classes annotated with @Configuration.
10:37:56.692 [main] INFO org.springframework.boot.test.context.SpringBootTestContextBootstrapper -- Found @SpringBootConfiguration com.example.Explicacion.ExplicacionApplication for test class com.example.Explicacion.ExplicacionApplicationTests

  .   ____          _            __ _ _
 /\\ / ___'_ __ _ _(_)_ __  __ _ \ \ \ \
( ( )\___ | '_ | '_| | '_ \/ _` | \ \ \ \
 \\/  ___)| |_)| | | | | || (_| |  ) ) ) )
  '  |____| .__|_| |_|_| |_\__, | / / / /
 =========|_|==============|___/=/_/_/_/

 :: Spring Boot ::                (v4.0.0)

2025-12-09T10:37:57.113-06:00  INFO 18284 --- [           main] c.e.E.ExplicacionApplicationTests        : Starting ExplicacionApplicationTests using Java 21.0.8 with PID 18284 (started by LENOVO in C:\Users\LENOVO\OneDrive\Escritorio\Explicacion)
2025-12-09T10:37:57.129-06:00  INFO 18284 --- [           main] c.e.E.ExplicacionApplicationTests        : No active profile set, falling back to 1 default profile: "default"
2025-12-09T10:37:58.023-06:00  INFO 18284 --- [           main] o.s.b.w.a.WelcomePageHandlerMapping      : Adding welcome page: class path resource [static/index.html]
2025-12-09T10:37:58.377-06:00  INFO 18284 --- [           main] c.e.E.ExplicacionApplicationTests        : Started ExplicacionApplicationTests in 1.526 seconds (process running for 2.735)
]]></system-out>
    <system-err><![CDATA[Mockito is currently self-attaching to enable the inline-mock-maker. This will no longer work in future releases of the JDK. Please add Mockito as an agent to your build as described in Mockito's documentation: https://javadoc.io/doc/org.mockito/mockito-core/latest/org.mockito/org/mockito/Mockito.html#0.3
WARNING: A Java agent has been loaded dynamically (C:\Users\LENOVO\.m2\repository\net\bytebuddy\byte-buddy-agent\1.17.8\byte-buddy-agent-1.17.8.jar)
WARNING: If a serviceability tool is in use, please run with -XX:+EnableDynamicAgentLoading to hide this warning
WARNING: If a serviceability tool is not in use, please run with -Djdk.instrument.traceUsage for more information
WARNING: Dynamic loading of agents will be disallowed by default in a future release
]]></system-err>
  </testcase>
</testsuite>